<?xml version="1.0" encoding="UTF-8"?>
<robot generator="Robot 3.2.1 (Python 3.8.3 on darwin)" generated="20200722 08:53:47.566" rpa="false">
<suite id="s1" name="Tests" source="/Users/jorgevieira/roboweek/ninjaChefe/tests">
<suite id="s1-s1" name="Cadastro-Usuario" source="/Users/jorgevieira/roboweek/ninjaChefe/tests/cadastro-usuario.robot">
<test id="s1-s1-t1" name="Cadastro Simples">
<kw name="Open Session" library="base" type="setup">
<kw name="Open Browser" library="SeleniumLibrary">
<doc>Opens a new browser instance to the optional ``url``.</doc>
<arguments>
<arg>about:blank</arg>
<arg>Chrome</arg>
<arg>executable_path=/Users/jorgevieira/chromedriver</arg>
</arguments>
<msg timestamp="20200722 08:53:48.159" level="INFO">Opening browser 'Chrome' to base url 'about:blank'.</msg>
<status status="PASS" starttime="20200722 08:53:48.158" endtime="20200722 08:53:52.595"></status>
</kw>
<status status="PASS" starttime="20200722 08:53:48.157" endtime="20200722 08:53:52.596"></status>
</kw>
<kw name="Dado que acesso a pagina principal" library="Kws">
<kw name="Go To" library="SeleniumLibrary">
<doc>Navigates the current browser window to the provided ``url``.</doc>
<arguments>
<arg>${base_url}</arg>
</arguments>
<msg timestamp="20200722 08:53:52.603" level="INFO">Opening url 'http://ninjachef-qaninja-io.umbler.net/'</msg>
<status status="PASS" starttime="20200722 08:53:52.602" endtime="20200722 08:54:00.110"></status>
</kw>
<status status="PASS" starttime="20200722 08:53:52.599" endtime="20200722 08:54:00.112"></status>
</kw>
<kw name="Quando submeto o meu email &quot;jorgetest@QA.com&quot;" library="Kws">
<kw name="Input Text" library="SeleniumLibrary">
<doc>Types the given ``text`` into the text field identified by ``locator``.</doc>
<arguments>
<arg>${CAMPO_EMAIL}</arg>
<arg>${email}</arg>
</arguments>
<msg timestamp="20200722 08:54:00.120" level="INFO">Typing text 'jorgetest@QA.com' into text field 'id:email'.</msg>
<status status="PASS" starttime="20200722 08:54:00.118" endtime="20200722 08:54:00.425"></status>
</kw>
<kw name="Click Element" library="SeleniumLibrary">
<doc>Click the element identified by ``locator``.</doc>
<arguments>
<arg>${BOTAO_ENTRAR}</arg>
</arguments>
<msg timestamp="20200722 08:54:00.427" level="INFO">Clicking element 'css:button[type=submit]'.</msg>
<status status="PASS" starttime="20200722 08:54:00.426" endtime="20200722 08:54:00.500"></status>
</kw>
<status status="PASS" starttime="20200722 08:54:00.115" endtime="20200722 08:54:00.502"></status>
</kw>
<kw name="Entao devo ser autenticado" library="Kws">
<kw name="Wait Until Page Contains Element" library="SeleniumLibrary">
<doc>Waits until the element ``locator`` appears on the current page.</doc>
<arguments>
<arg>${DIV_DASH}</arg>
</arguments>
<status status="PASS" starttime="20200722 08:54:00.506" endtime="20200722 08:54:01.596"></status>
</kw>
<kw name="Close Browser" library="SeleniumLibrary">
<doc>Closes the current browser.</doc>
<status status="PASS" starttime="20200722 08:54:01.596" endtime="20200722 08:54:01.755"></status>
</kw>
<status status="PASS" starttime="20200722 08:54:00.504" endtime="20200722 08:54:01.755"></status>
</kw>
<kw name="Close Session" library="base" type="teardown">
<kw name="Capture Page Screenshot" library="SeleniumLibrary">
<doc>Takes a screenshot of the current page and embeds it into a log file.</doc>
<msg timestamp="20200722 08:54:01.759" level="INFO">Cannot capture screenshot because no browser is open.</msg>
<status status="PASS" starttime="20200722 08:54:01.758" endtime="20200722 08:54:01.759"></status>
</kw>
<kw name="Close Browser" library="SeleniumLibrary">
<doc>Closes the current browser.</doc>
<status status="PASS" starttime="20200722 08:54:01.759" endtime="20200722 08:54:01.760"></status>
</kw>
<status status="PASS" starttime="20200722 08:54:01.757" endtime="20200722 08:54:01.760"></status>
</kw>
<status status="PASS" starttime="20200722 08:53:48.155" endtime="20200722 08:54:01.760" critical="yes"></status>
</test>
<test id="s1-s1-t2" name="Email Incorreto">
<kw name="Open Session" library="base" type="setup">
<kw name="Open Browser" library="SeleniumLibrary">
<doc>Opens a new browser instance to the optional ``url``.</doc>
<arguments>
<arg>about:blank</arg>
<arg>Chrome</arg>
<arg>executable_path=/Users/jorgevieira/chromedriver</arg>
</arguments>
<msg timestamp="20200722 08:54:01.768" level="INFO">Opening browser 'Chrome' to base url 'about:blank'.</msg>
<status status="PASS" starttime="20200722 08:54:01.768" endtime="20200722 08:54:04.707"></status>
</kw>
<status status="PASS" starttime="20200722 08:54:01.767" endtime="20200722 08:54:04.708"></status>
</kw>
<kw name="Dado que acesso a pagina principal" library="Kws">
<kw name="Go To" library="SeleniumLibrary">
<doc>Navigates the current browser window to the provided ``url``.</doc>
<arguments>
<arg>${base_url}</arg>
</arguments>
<msg timestamp="20200722 08:54:04.713" level="INFO">Opening url 'http://ninjachef-qaninja-io.umbler.net/'</msg>
<status status="PASS" starttime="20200722 08:54:04.712" endtime="20200722 08:54:06.514"></status>
</kw>
<status status="PASS" starttime="20200722 08:54:04.710" endtime="20200722 08:54:06.514"></status>
</kw>
<kw name="Quando submeto o meu email &quot;jorgetest&amp;QA.com&quot;" library="Kws">
<kw name="Input Text" library="SeleniumLibrary">
<doc>Types the given ``text`` into the text field identified by ``locator``.</doc>
<arguments>
<arg>${CAMPO_EMAIL}</arg>
<arg>${email}</arg>
</arguments>
<msg timestamp="20200722 08:54:06.518" level="INFO">Typing text 'jorgetest&amp;QA.com' into text field 'id:email'.</msg>
<status status="PASS" starttime="20200722 08:54:06.517" endtime="20200722 08:54:06.795"></status>
</kw>
<kw name="Click Element" library="SeleniumLibrary">
<doc>Click the element identified by ``locator``.</doc>
<arguments>
<arg>${BOTAO_ENTRAR}</arg>
</arguments>
<msg timestamp="20200722 08:54:06.797" level="INFO">Clicking element 'css:button[type=submit]'.</msg>
<status status="PASS" starttime="20200722 08:54:06.796" endtime="20200722 08:54:06.871"></status>
</kw>
<status status="PASS" starttime="20200722 08:54:06.515" endtime="20200722 08:54:06.872"></status>
</kw>
<kw name="Entao devo ver a mensagem &quot;Oops. Informe um email válido!&quot;" library="Kws">
<kw name="Wait Until Element Contains" library="SeleniumLibrary">
<doc>Waits until the element ``locator`` contains ``text``.</doc>
<arguments>
<arg>${DIV_ALERT}</arg>
<arg>${expect_message}</arg>
</arguments>
<status status="PASS" starttime="20200722 08:54:06.873" endtime="20200722 08:54:06.915"></status>
</kw>
<status status="PASS" starttime="20200722 08:54:06.872" endtime="20200722 08:54:06.916"></status>
</kw>
<kw name="Close Session" library="base" type="teardown">
<kw name="Capture Page Screenshot" library="SeleniumLibrary">
<doc>Takes a screenshot of the current page and embeds it into a log file.</doc>
<msg timestamp="20200722 08:54:07.213" level="INFO" html="yes">&lt;/td&gt;&lt;/tr&gt;&lt;tr&gt;&lt;td colspan="3"&gt;&lt;a href="selenium-screenshot-10.png"&gt;&lt;img src="selenium-screenshot-10.png" width="800px"&gt;&lt;/a&gt;</msg>
<status status="PASS" starttime="20200722 08:54:06.918" endtime="20200722 08:54:07.213"></status>
</kw>
<kw name="Close Browser" library="SeleniumLibrary">
<doc>Closes the current browser.</doc>
<status status="PASS" starttime="20200722 08:54:07.213" endtime="20200722 08:54:07.482"></status>
</kw>
<status status="PASS" starttime="20200722 08:54:06.917" endtime="20200722 08:54:07.482"></status>
</kw>
<status status="PASS" starttime="20200722 08:54:01.766" endtime="20200722 08:54:07.482" critical="yes"></status>
</test>
<test id="s1-s1-t3" name="Email não informado">
<kw name="Open Session" library="base" type="setup">
<kw name="Open Browser" library="SeleniumLibrary">
<doc>Opens a new browser instance to the optional ``url``.</doc>
<arguments>
<arg>about:blank</arg>
<arg>Chrome</arg>
<arg>executable_path=/Users/jorgevieira/chromedriver</arg>
</arguments>
<msg timestamp="20200722 08:54:07.489" level="INFO">Opening browser 'Chrome' to base url 'about:blank'.</msg>
<status status="PASS" starttime="20200722 08:54:07.488" endtime="20200722 08:54:10.250"></status>
</kw>
<status status="PASS" starttime="20200722 08:54:07.487" endtime="20200722 08:54:10.251"></status>
</kw>
<kw name="Dado que acesso a pagina principal" library="Kws">
<kw name="Go To" library="SeleniumLibrary">
<doc>Navigates the current browser window to the provided ``url``.</doc>
<arguments>
<arg>${base_url}</arg>
</arguments>
<msg timestamp="20200722 08:54:10.255" level="INFO">Opening url 'http://ninjachef-qaninja-io.umbler.net/'</msg>
<status status="PASS" starttime="20200722 08:54:10.254" endtime="20200722 08:54:12.552"></status>
</kw>
<status status="PASS" starttime="20200722 08:54:10.253" endtime="20200722 08:54:12.552"></status>
</kw>
<kw name="Quando submeto o meu email &quot;${EMPTY}&quot;" library="Kws">
<kw name="Input Text" library="SeleniumLibrary">
<doc>Types the given ``text`` into the text field identified by ``locator``.</doc>
<arguments>
<arg>${CAMPO_EMAIL}</arg>
<arg>${email}</arg>
</arguments>
<msg timestamp="20200722 08:54:12.554" level="INFO">Typing text '' into text field 'id:email'.</msg>
<status status="PASS" starttime="20200722 08:54:12.554" endtime="20200722 08:54:12.676"></status>
</kw>
<kw name="Click Element" library="SeleniumLibrary">
<doc>Click the element identified by ``locator``.</doc>
<arguments>
<arg>${BOTAO_ENTRAR}</arg>
</arguments>
<msg timestamp="20200722 08:54:12.677" level="INFO">Clicking element 'css:button[type=submit]'.</msg>
<status status="PASS" starttime="20200722 08:54:12.676" endtime="20200722 08:54:12.746"></status>
</kw>
<status status="PASS" starttime="20200722 08:54:12.553" endtime="20200722 08:54:12.746"></status>
</kw>
<kw name="Entao devo ver a mensagem &quot;Oops. Informe um email válido!&quot;" library="Kws">
<kw name="Wait Until Element Contains" library="SeleniumLibrary">
<doc>Waits until the element ``locator`` contains ``text``.</doc>
<arguments>
<arg>${DIV_ALERT}</arg>
<arg>${expect_message}</arg>
</arguments>
<status status="PASS" starttime="20200722 08:54:12.748" endtime="20200722 08:54:12.781"></status>
</kw>
<status status="PASS" starttime="20200722 08:54:12.747" endtime="20200722 08:54:12.781"></status>
</kw>
<kw name="Close Session" library="base" type="teardown">
<kw name="Capture Page Screenshot" library="SeleniumLibrary">
<doc>Takes a screenshot of the current page and embeds it into a log file.</doc>
<msg timestamp="20200722 08:54:13.067" level="INFO" html="yes">&lt;/td&gt;&lt;/tr&gt;&lt;tr&gt;&lt;td colspan="3"&gt;&lt;a href="selenium-screenshot-11.png"&gt;&lt;img src="selenium-screenshot-11.png" width="800px"&gt;&lt;/a&gt;</msg>
<status status="PASS" starttime="20200722 08:54:12.782" endtime="20200722 08:54:13.067"></status>
</kw>
<kw name="Close Browser" library="SeleniumLibrary">
<doc>Closes the current browser.</doc>
<status status="PASS" starttime="20200722 08:54:13.068" endtime="20200722 08:54:13.281"></status>
</kw>
<status status="PASS" starttime="20200722 08:54:12.782" endtime="20200722 08:54:13.281"></status>
</kw>
<status status="PASS" starttime="20200722 08:54:07.485" endtime="20200722 08:54:13.281" critical="yes"></status>
</test>
<doc>Suite dos testes de Cadastro</doc>
<status status="PASS" starttime="20200722 08:53:47.621" endtime="20200722 08:54:13.285"></status>
</suite>
<suite id="s1-s2" name="Produtos" source="/Users/jorgevieira/roboweek/ninjaChefe/tests/produtos.robot">
<test id="s1-s2-t1" name="Novo prato">
<kw name="Login Session" library="helpers" type="setup">
<arguments>
<arg>jorgetest@QA.com</arg>
</arguments>
<kw name="Open Session" library="base">
<kw name="Open Browser" library="SeleniumLibrary">
<doc>Opens a new browser instance to the optional ``url``.</doc>
<arguments>
<arg>about:blank</arg>
<arg>Chrome</arg>
<arg>executable_path=/Users/jorgevieira/chromedriver</arg>
</arguments>
<msg timestamp="20200722 08:54:13.310" level="INFO">Opening browser 'Chrome' to base url 'about:blank'.</msg>
<status status="PASS" starttime="20200722 08:54:13.310" endtime="20200722 08:54:15.894"></status>
</kw>
<status status="PASS" starttime="20200722 08:54:13.309" endtime="20200722 08:54:15.895"></status>
</kw>
<kw name="Go To" library="SeleniumLibrary">
<doc>Navigates the current browser window to the provided ``url``.</doc>
<arguments>
<arg>${base_url}</arg>
</arguments>
<msg timestamp="20200722 08:54:15.896" level="INFO">Opening url 'http://ninjachef-qaninja-io.umbler.net/'</msg>
<status status="PASS" starttime="20200722 08:54:15.896" endtime="20200722 08:54:17.882"></status>
</kw>
<kw name="Input Text" library="SeleniumLibrary">
<doc>Types the given ``text`` into the text field identified by ``locator``.</doc>
<arguments>
<arg>${CAMPO_EMAIL}</arg>
<arg>${email}</arg>
</arguments>
<msg timestamp="20200722 08:54:17.883" level="INFO">Typing text 'jorgetest@QA.com' into text field 'id:email'.</msg>
<status status="PASS" starttime="20200722 08:54:17.883" endtime="20200722 08:54:18.135"></status>
</kw>
<kw name="Click Element" library="SeleniumLibrary">
<doc>Click the element identified by ``locator``.</doc>
<arguments>
<arg>${BOTAO_ENTRAR}</arg>
</arguments>
<msg timestamp="20200722 08:54:18.136" level="INFO">Clicking element 'css:button[type=submit]'.</msg>
<status status="PASS" starttime="20200722 08:54:18.136" endtime="20200722 08:54:18.209"></status>
</kw>
<kw name="Wait Until Page Contains Element" library="SeleniumLibrary">
<doc>Waits until the element ``locator`` appears on the current page.</doc>
<arguments>
<arg>${DIV_DASH}</arg>
</arguments>
<status status="PASS" starttime="20200722 08:54:18.209" endtime="20200722 08:54:18.865"></status>
</kw>
<status status="PASS" starttime="20200722 08:54:13.308" endtime="20200722 08:54:18.866"></status>
</kw>
<kw name="Dado que &quot;${Nhoque}&quot; é um dos meus pratos" library="Kws">
<kw name="Set Test Variable" library="BuiltIn">
<doc>Makes a variable available everywhere within the scope of the current test.</doc>
<arguments>
<arg>${produto}</arg>
</arguments>
<msg timestamp="20200722 08:54:18.868" level="INFO">${produto} = {'img': 'nhoque.jpg', 'nome': 'Nhoque molha páprica', 'tipo': 'Massas', 'preco': '20.00'}</msg>
<status status="PASS" starttime="20200722 08:54:18.867" endtime="20200722 08:54:18.868"></status>
</kw>
<status status="PASS" starttime="20200722 08:54:18.866" endtime="20200722 08:54:18.868"></status>
</kw>
<kw name="Quando faço o cadastro desse item" library="Kws">
<kw name="Wait Until Element Is Visible" library="SeleniumLibrary">
<doc>Waits until the element ``locator`` is visible.</doc>
<arguments>
<arg>${BOTAO_ADD}</arg>
<arg>5</arg>
</arguments>
<status status="PASS" starttime="20200722 08:54:18.870" endtime="20200722 08:54:19.339"></status>
</kw>
<kw name="Click Element" library="SeleniumLibrary">
<doc>Click the element identified by ``locator``.</doc>
<arguments>
<arg>${BOTAO_ADD}</arg>
</arguments>
<msg timestamp="20200722 08:54:19.340" level="INFO">Clicking element 'class:btn-add'.</msg>
<status status="PASS" starttime="20200722 08:54:19.340" endtime="20200722 08:54:19.417"></status>
</kw>
<kw name="Choose File" library="SeleniumLibrary">
<doc>Inputs the ``file_path`` into the file input field ``locator``.</doc>
<arguments>
<arg>${CAMPO_FOTO}</arg>
<arg>${EXECDIR}/resources/images/${produto['img']}</arg>
</arguments>
<msg timestamp="20200722 08:54:19.420" level="INFO">Sending /Users/jorgevieira/roboweek/ninjaChefe/resources/images/nhoque.jpg to browser.</msg>
<status status="PASS" starttime="20200722 08:54:19.418" endtime="20200722 08:54:19.508"></status>
</kw>
<kw name="Input Text" library="SeleniumLibrary">
<doc>Types the given ``text`` into the text field identified by ``locator``.</doc>
<arguments>
<arg>${CAMPO_NOME}</arg>
<arg>${produto['nome']}</arg>
</arguments>
<msg timestamp="20200722 08:54:19.510" level="INFO">Typing text 'Nhoque molha páprica' into text field 'id:name'.</msg>
<status status="PASS" starttime="20200722 08:54:19.508" endtime="20200722 08:54:19.693"></status>
</kw>
<kw name="Input Text" library="SeleniumLibrary">
<doc>Types the given ``text`` into the text field identified by ``locator``.</doc>
<arguments>
<arg>${CAMPO_TIPO}</arg>
<arg>${produto['tipo']}</arg>
</arguments>
<msg timestamp="20200722 08:54:19.694" level="INFO">Typing text 'Massas' into text field 'id:plate'.</msg>
<status status="PASS" starttime="20200722 08:54:19.693" endtime="20200722 08:54:19.831"></status>
</kw>
<kw name="Input Text" library="SeleniumLibrary">
<doc>Types the given ``text`` into the text field identified by ``locator``.</doc>
<arguments>
<arg>${CAMPO_PRECO}</arg>
<arg>${produto['preco']}</arg>
</arguments>
<msg timestamp="20200722 08:54:19.832" level="INFO">Typing text '20.00' into text field 'id:price'.</msg>
<status status="PASS" starttime="20200722 08:54:19.831" endtime="20200722 08:54:19.987"></status>
</kw>
<kw name="Click Element" library="SeleniumLibrary">
<doc>Click the element identified by ``locator``.</doc>
<arguments>
<arg>${BOTAO_CADASTRAR}</arg>
</arguments>
<msg timestamp="20200722 08:54:19.988" level="INFO">Clicking element 'class:btn-cadastrar'.</msg>
<status status="PASS" starttime="20200722 08:54:19.987" endtime="20200722 08:54:20.057"></status>
</kw>
<status status="PASS" starttime="20200722 08:54:18.869" endtime="20200722 08:54:20.058"></status>
</kw>
<kw name="Então devo ver este prato no meu dashboard" library="Kws">
<kw name="Wait Until Element Contains" library="SeleniumLibrary">
<doc>Waits until the element ``locator`` contains ``text``.</doc>
<arguments>
<arg>${DIV_LISTA}</arg>
<arg>${produto['nome']}</arg>
</arguments>
<status status="PASS" starttime="20200722 08:54:20.060" endtime="20200722 08:54:23.298"></status>
</kw>
<status status="PASS" starttime="20200722 08:54:20.059" endtime="20200722 08:54:23.298"></status>
</kw>
<kw name="Close Session" library="base" type="teardown">
<kw name="Capture Page Screenshot" library="SeleniumLibrary">
<doc>Takes a screenshot of the current page and embeds it into a log file.</doc>
<msg timestamp="20200722 08:54:23.574" level="INFO" html="yes">&lt;/td&gt;&lt;/tr&gt;&lt;tr&gt;&lt;td colspan="3"&gt;&lt;a href="selenium-screenshot-12.png"&gt;&lt;img src="selenium-screenshot-12.png" width="800px"&gt;&lt;/a&gt;</msg>
<status status="PASS" starttime="20200722 08:54:23.300" endtime="20200722 08:54:23.575"></status>
</kw>
<kw name="Close Browser" library="SeleniumLibrary">
<doc>Closes the current browser.</doc>
<status status="PASS" starttime="20200722 08:54:23.575" endtime="20200722 08:54:24.254"></status>
</kw>
<status status="PASS" starttime="20200722 08:54:23.299" endtime="20200722 08:54:24.255"></status>
</kw>
<status status="PASS" starttime="20200722 08:54:13.307" endtime="20200722 08:54:24.255" critical="yes"></status>
</test>
<doc>Cadastro de produtos/pratos
Sendo um cozinheiro amador
Quero cadastrar meus melhores pratos
Para que eu possa cozinha-los para outras pessoas</doc>
<status status="PASS" starttime="20200722 08:54:13.291" endtime="20200722 08:54:24.258"></status>
</suite>
<status status="PASS" starttime="20200722 08:53:47.572" endtime="20200722 08:54:24.266"></status>
</suite>
<statistics>
<total>
<stat pass="4" fail="0">Critical Tests</stat>
<stat pass="4" fail="0">All Tests</stat>
</total>
<tag>
</tag>
<suite>
<stat pass="4" fail="0" id="s1" name="Tests">Tests</stat>
<stat pass="3" fail="0" id="s1-s1" name="Cadastro-Usuario">Tests.Cadastro-Usuario</stat>
<stat pass="1" fail="0" id="s1-s2" name="Produtos">Tests.Produtos</stat>
</suite>
</statistics>
<errors>
</errors>
</robot>
